[debug] [2021-12-22T08:01:12.123Z] ----------------------------------------------------------------------
[debug] [2021-12-22T08:01:12.125Z] Command:       /home/sushant/.nvm/versions/node/v14.18.0/bin/node /home/sushant/.nvm/versions/node/v14.18.0/bin/firebase init
[debug] [2021-12-22T08:01:12.125Z] CLI Version:   9.23.1
[debug] [2021-12-22T08:01:12.126Z] Platform:      linux
[debug] [2021-12-22T08:01:12.126Z] Node Version:  v14.18.0
[debug] [2021-12-22T08:01:12.126Z] Time:          Wed Dec 22 2021 13:31:12 GMT+0530 (India Standard Time)
[debug] [2021-12-22T08:01:12.126Z] ----------------------------------------------------------------------
[debug] 
[debug] [2021-12-22T08:01:12.134Z] > command requires scopes: ["email","openid","https://www.googleapis.com/auth/cloudplatformprojects.readonly","https://www.googleapis.com/auth/firebase","https://www.googleapis.com/auth/cloud-platform"]
[debug] [2021-12-22T08:01:12.134Z] > authorizing via signed-in user (sushant.pru@gmail.com)
[info] 
     ######## #### ########  ######## ########     ###     ######  ########
     ##        ##  ##     ## ##       ##     ##  ##   ##  ##       ##
     ######    ##  ########  ######   ########  #########  ######  ######
     ##        ##  ##    ##  ##       ##     ## ##     ##       ## ##
     ##       #### ##     ## ######## ########  ##     ##  ######  ########

You're about to initialize a Firebase project in this directory:

  /home/sushant/Documents/webdev/NGO_Projects/uday_website

[info] 
=== Project Setup
[info] 
[info] First, let's associate this project directory with a Firebase project.
[info] You can create multiple project aliases by running firebase use --add, 
[info] but for now we'll just set up a default project.
[info] 
[debug] [2021-12-22T08:01:56.917Z] > refreshing access token with scopes: []
[debug] [2021-12-22T08:01:56.917Z] >>> HTTP REQUEST POST https://www.googleapis.com/oauth2/v3/token  
 <request body omitted>
[debug] [2021-12-22T08:01:57.082Z] <<< HTTP RESPONSE 200 {"date":"Wed, 22 Dec 2021 08:01:57 GMT","cache-control":"no-cache, no-store, max-age=0, must-revalidate","pragma":"no-cache","expires":"Mon, 01 Jan 1990 00:00:00 GMT","content-type":"application/json; charset=utf-8","vary":"X-Origin, Referer, Origin,Accept-Encoding","server":"scaffolding on HTTPServer2","x-xss-protection":"0","x-frame-options":"SAMEORIGIN","x-content-type-options":"nosniff","alt-svc":"h3=\":443\"; ma=2592000,h3-29=\":443\"; ma=2592000,h3-Q050=\":443\"; ma=2592000,h3-Q046=\":443\"; ma=2592000,h3-Q043=\":443\"; ma=2592000,quic=\":443\"; ma=2592000; v=\"46,43\"","accept-ranges":"none","transfer-encoding":"chunked"}
[debug] [2021-12-22T08:01:57.846Z] >>> [apiv2][query] GET https://firebase.googleapis.com/v1beta1/projects pageSize=100
[debug] [2021-12-22T08:01:58.819Z] <<< [apiv2][status] GET https://firebase.googleapis.com/v1beta1/projects 200
[debug] [2021-12-22T08:01:58.819Z] <<< [apiv2][body] GET https://firebase.googleapis.com/v1beta1/projects [omitted]
[info] i  Using project my-ngo-facef (my-ngo) 
[info] 
=== Hosting:github Setup
[info] 
[info] i  Didn't detect a .git folder. Assuming /home/sushant/Documents/webdev/NGO_Projects/uday_website is the project root. 
[info] i  Authorizing with GitHub to upload your service account to a GitHub repository's secrets store. 
[info] 
[info] Visit this URL on this device to log in:
[info] https://github.com/login/oauth/authorize?client_id=89cf50f02ac6aaed3484&state=965421067&redirect_uri=http%3A%2F%2Flocalhost%3A9005&scope=read%3Auser%20repo%20public_repo
[info] 
[info] Waiting for authentication...
[debug] [2021-12-22T08:02:05.892Z] >>> HTTP REQUEST POST https://github.com/login/oauth/access_token  
 {"client_id":"89cf50f02ac6aaed3484","client_secret":"3330d14abc895d9a74d5f17cd7a00711fa2c5bf0","code":"210ab299ac74d5308c1e","redirect_uri":"http://localhost:9005","state":"965421067"}
[debug] [2021-12-22T08:02:06.298Z] <<< HTTP RESPONSE 200 {"server":"GitHub.com","date":"Wed, 22 Dec 2021 08:02:06 GMT","content-type":"application/json; charset=utf-8","transfer-encoding":"chunked","vary":"X-PJAX, X-PJAX-Container, Accept-Encoding, Accept, X-Requested-With","permissions-policy":"interest-cohort=()","etag":"W/\"f95f4dc3e7fdc86b7e1fa4e86a52110b\"","cache-control":"max-age=0, private, must-revalidate","strict-transport-security":"max-age=31536000; includeSubdomains; preload","x-frame-options":"deny","x-content-type-options":"nosniff","x-xss-protection":"0","referrer-policy":"origin-when-cross-origin, strict-origin-when-cross-origin","expect-ct":"max-age=2592000, report-uri=\"https://api.github.com/_private/browser/errors\"","content-security-policy":"default-src 'none'; base-uri 'self'; block-all-mixed-content; child-src github.com/assets-cdn/worker/ gist.github.com/assets-cdn/worker/; connect-src 'self' uploads.github.com objects-origin.githubusercontent.com www.githubstatus.com collector.githubapp.com api.github.com github-cloud.s3.amazonaws.com github-production-repository-file-5c1aeb.s3.amazonaws.com github-production-upload-manifest-file-7fdce7.s3.amazonaws.com github-production-user-asset-6210df.s3.amazonaws.com cdn.optimizely.com logx.optimizely.com/v1/events translator.github.com wss://alive.github.com; font-src github.githubassets.com; form-action 'self' github.com gist.github.com objects-origin.githubusercontent.com; frame-ancestors 'none'; frame-src render.githubusercontent.com viewscreen.githubusercontent.com notebooks.githubusercontent.com; img-src 'self' data: github.githubassets.com identicons.github.com collector.githubapp.com github-cloud.s3.amazonaws.com secured-user-images.githubusercontent.com/ *.githubusercontent.com; manifest-src 'self'; media-src github.com user-images.githubusercontent.com/; script-src github.githubassets.com; style-src 'unsafe-inline' github.githubassets.com; worker-src github.com/assets-cdn/worker/ gist.github.com/assets-cdn/worker/","x-github-request-id":"9512:5728:6D8468:8A09B2:61C2DB7D"}
[debug] [2021-12-22T08:02:06.338Z] >>> [apiv2][query] GET https://api.github.com/user [none]
[debug] [2021-12-22T08:02:06.796Z] <<< [apiv2][status] GET https://api.github.com/user 200
[debug] [2021-12-22T08:02:06.796Z] <<< [apiv2][body] GET https://api.github.com/user {"login":"aryabhat1","id":51417332,"node_id":"MDQ6VXNlcjUxNDE3MzMy","avatar_url":"https://avatars.githubusercontent.com/u/51417332?v=4","gravatar_id":"","url":"https://api.github.com/users/aryabhat1","html_url":"https://github.com/aryabhat1","followers_url":"https://api.github.com/users/aryabhat1/followers","following_url":"https://api.github.com/users/aryabhat1/following{/other_user}","gists_url":"https://api.github.com/users/aryabhat1/gists{/gist_id}","starred_url":"https://api.github.com/users/aryabhat1/starred{/owner}{/repo}","subscriptions_url":"https://api.github.com/users/aryabhat1/subscriptions","organizations_url":"https://api.github.com/users/aryabhat1/orgs","repos_url":"https://api.github.com/users/aryabhat1/repos","events_url":"https://api.github.com/users/aryabhat1/events{/privacy}","received_events_url":"https://api.github.com/users/aryabhat1/received_events","type":"User","site_admin":false,"name":null,"company":null,"blog":"","location":null,"email":null,"hireable":null,"bio":null,"twitter_username":null,"public_repos":38,"public_gists":0,"followers":0,"following":2,"created_at":"2019-06-05T17:28:32Z","updated_at":"2021-12-18T05:49:09Z","private_gists":0,"total_private_repos":1,"owned_private_repos":1,"disk_usage":33911,"collaborators":0,"two_factor_authentication":false,"plan":{"name":"free","space":976562499,"collaborators":0,"private_repos":10000}}
[info] 
[info] ✔  Success! Logged into GitHub as aryabhat1 
[info] 
